[ 2016-11-24T11:27:57+08:00 ] ::1 /Hide/Login/login.html
ERR: SQLSTATE[HY000] [1045] Access denied for user 'homeene'@'localhost' (using password: YES)

[ 2016-11-24T11:28:57+08:00 ] ::1 /Hide/Login/login.html
ERR: SQLSTATE[HY000] [1045] Access denied for user 'homeene'@'localhost' (using password: YES)

[ 2016-11-24T14:58:08+08:00 ] ::1 /Hide/Login/
ERR: 非法操作:index

[ 2016-11-24T16:08:53+08:00 ] ::1 /Hide/Login/login.html
ERR: 1146:Table 'homeene.manger' doesn't exist
 [ SQL语句 ] : SHOW COLUMNS FROM `manger`

[ 2016-11-24T16:09:47+08:00 ] ::1 /Hide/Index/welcome.html
ERR: 非法操作:welcome

[ 2016-11-24T16:15:17+08:00 ] ::1 /Hide/Index/welcome.html
ERR: 非法操作:welcome

[ 2016-11-24T16:16:04+08:00 ] ::1 /Hide/Index/welcome.html
ERR: 非法操作:welcome

[ 2016-11-24T16:16:33+08:00 ] ::1 /Hide/Index/welcome.html
ERR: 非法操作:welcome

[ 2016-11-24T16:16:45+08:00 ] ::1 /Hide/Index/welcome.html
ERR: 非法操作:welcome

[ 2016-11-24T16:19:28+08:00 ] ::1 /Hide/Index/article-list.html
ERR: 非法操作:article-list

[ 2016-11-24T16:23:51+08:00 ] ::1 /Hide/Index/welcome.html
ERR: 非法操作:welcome

[ 2016-11-24T16:24:08+08:00 ] ::1 /Hide/Index/welcome.html
ERR: 非法操作:welcome

[ 2016-11-24T17:38:55+08:00 ] ::1 /Hide/Manager/Index.html
ERR: 无法加载控制器:Manager

