[ 2016-11-25T09:15:47+08:00 ] ::1 /favicon.ico
ERR: 无法加载模块:Favicon

[ 2016-11-25T10:21:55+08:00 ] ::1 /Public/admin/h-ui/css/H-ui.admin.css
ERR: 无法加载模块:Public

[ 2016-11-25T10:21:56+08:00 ] ::1 /Public/admin/h-ui/css/style.css
ERR: 无法加载模块:Public

[ 2016-11-25T10:21:56+08:00 ] ::1 /Public/admin/h-ui/skin/default/skin.css
ERR: 无法加载模块:Public

[ 2016-11-25T10:22:21+08:00 ] ::1 /Public/admin/h-ui/css/H-ui.admin.css
ERR: 无法加载模块:Public



[ 2016-11-25T10:22:22+08:00 ] ::1 /Public/admin/h-ui/css/style.css
ERR: 无法加载模块:Public

[ 2016-11-25T10:25:04+08:00 ] ::1 /Public/admin/h-ui/css/H-ui.admin.css
ERR: 无法加载模块:Public

[ 2016-11-25T10:25:04+08:00 ] ::1 /Public/admin/h-ui/css/style.css
ERR: 无法加载模块:Public

[ 2016-11-25T10:25:04+08:00 ] ::1 /Public/admin/h-ui/skin/default/skin.css
ERR: 无法加载模块:Public

[ 2016-11-25T10:25:32+08:00 ] ::1 /Public/admin/h-ui/css/style.css
ERR: 无法加载模块:Public

[ 2016-11-25T10:25:32+08:00 ] ::1 /Public/admin/h-ui/skin/default/skin.css
ERR: 无法加载模块:Public

[ 2016-11-25T10:25:32+08:00 ] ::1 /Public/admin/h-ui/css/H-ui.admin.css
ERR: 无法加载模块:Public

[ 2016-11-25T10:25:49+08:00 ] ::1 /Public/admin/h-ui/css/H-ui.admin.css
ERR: 无法加载模块:Public



[ 2016-11-25T10:29:41+08:00 ] ::1 /Public/admin/h-ui/css/H-ui.admin.css
ERR: 无法加载模块:Public

[ 2016-11-25T10:37:17+08:00 ] ::1 /Public/admin/h-ui/css/H-ui.admin.css
ERR: 无法加载模块:Public

[ 2016-11-25T10:41:45+08:00 ] ::1 /Public/admin/h-ui/css/H-ui.admin.css
ERR: 无法加载模块:Public

[ 2016-11-25T10:50:46+08:00 ] ::1 /Public/admin/h-ui/css/H-ui.admin.css
ERR: 无法加载模块:Public

