[ 2016-11-24T09:35:52+08:00 ] ::1 /favicon.ico
ERR: 无法加载模块:Favicon

[ 2016-11-24T09:46:01+08:00 ] ::1 /Public/admin/static/h-ui/js/H-ui.js
ERR: 无法加载模块:Public

[ 2016-11-24T09:52:12+08:00 ] ::1 /Public/admin/static/h-ui/js/H-ui.js
ERR: 无法加载模块:Public

[ 2016-11-24T09:52:45+08:00 ] ::1 /Public/admin/static/h-ui/js/H-ui.js
ERR: 无法加载模块:Public

[ 2016-11-24T09:57:02+08:00 ] ::1 /Public/admin/static/h-ui/js/H-ui.js
ERR: 无法加载模块:Public

[ 2016-11-24T09:57:25+08:00 ] ::1 /Public/admin/static/h-ui/js/H-ui.js
ERR: 无法加载模块:Public

[ 2016-11-24T09:57:48+08:00 ] ::1 /Public/admin/static/h-ui/js/H-ui.js
ERR: 无法加载模块:Public

[ 2016-11-24T09:58:10+08:00 ] ::1 /Public/admin/static/h-ui/js/H-ui.js
ERR: 无法加载模块:Public

[ 2016-11-24T09:58:45+08:00 ] ::1 /Public/admin/static/h-ui/js/H-ui.js
ERR: 无法加载模块:Public

[ 2016-11-24T10:00:43+08:00 ] ::1 /Public/admin/static/h-ui/js/H-ui.js
ERR: 无法加载模块:Public

[ 2016-11-24T10:00:59+08:00 ] ::1 /Public/admin/static/h-ui/js/H-ui.js
ERR: 无法加载模块:Public

[ 2016-11-24T10:02:48+08:00 ] ::1 /Public/admin/static/h-ui/js/H-ui.js
ERR: 无法加载模块:Public

[ 2016-11-24T16:15:16+08:00 ] ::1 /aboutHui.shtml
ERR: 无法加载模块:AboutHui

